\BOOKMARK [0][-]{chapter.1}{\376\377\000I\000n\000t\000r\000o\000d\000u\000c\000t\000i\000o\000n}{}% 1
\BOOKMARK [1][-]{section.1.1}{\376\377\000O\000v\000e\000r\000v\000i\000e\000w}{chapter.1}% 2
\BOOKMARK [1][-]{section.1.2}{\376\377\000O\000b\000j\000e\000c\000t\000i\000v\000e\000s}{chapter.1}% 3
\BOOKMARK [1][-]{section.1.3}{\376\377\000P\000u\000r\000p\000o\000s\000e\000,\000\040\000S\000c\000o\000p\000e\000,\000\040\000a\000n\000d\000\040\000A\000p\000p\000l\000i\000c\000a\000b\000i\000l\000i\000t\000y}{chapter.1}% 4
\BOOKMARK [2][-]{subsection.1.3.1}{\376\377\000P\000u\000r\000p\000o\000s\000e}{section.1.3}% 5
\BOOKMARK [2][-]{subsection.1.3.2}{\376\377\000S\000c\000o\000p\000e}{section.1.3}% 6
\BOOKMARK [2][-]{subsection.1.3.3}{\376\377\000A\000p\000p\000l\000i\000c\000a\000b\000i\000l\000i\000t\000y}{section.1.3}% 7
\BOOKMARK [1][-]{section.1.4}{\376\377\000O\000r\000g\000a\000n\000i\000z\000a\000t\000i\000o\000n\000\040\000o\000f\000\040\000t\000h\000e\000\040\000R\000e\000p\000o\000r\000t}{chapter.1}% 8
\BOOKMARK [0][-]{chapter.2}{\376\377\000L\000i\000t\000e\000r\000a\000t\000u\000r\000e\000\040\000S\000u\000r\000v\000e\000y}{}% 9
\BOOKMARK [1][-]{section.2.1}{\376\377\000I\000n\000t\000r\000o\000d\000u\000c\000t\000i\000o\000n}{chapter.2}% 10
\BOOKMARK [1][-]{section.2.2}{\376\377\000O\000b\000j\000e\000c\000t\000i\000v\000e\000\040\000o\000f\000\040\000L\000i\000t\000e\000r\000a\000t\000u\000r\000e\000\040\000S\000u\000r\000v\000e\000y}{chapter.2}% 11
\BOOKMARK [1][-]{section.2.3}{\376\377\000S\000u\000m\000m\000a\000r\000y\000\040\000o\000f\000\040\000L\000i\000t\000e\000r\000a\000t\000u\000r\000e\000\040\000S\000u\000r\000v\000e\000y}{chapter.2}% 12
\BOOKMARK [2][-]{subsection.2.3.1}{\376\377\000S\000c\000a\000l\000a\000b\000i\000l\000i\000t\000y\000\040\000a\000n\000d\000\040\000R\000e\000a\000l\000-\000T\000i\000m\000e\000\040\000D\000e\000t\000e\000c\000t\000i\000o\000n\000\040\000C\000h\000a\000l\000l\000e\000n\000g\000e\000s}{section.2.3}% 13
\BOOKMARK [1][-]{section.2.4}{\376\377\000D\000r\000a\000w\000b\000a\000c\000k\000s\000\040\000o\000f\000\040\000E\000x\000i\000s\000t\000i\000n\000g\000\040\000S\000y\000s\000t\000e\000m\000s}{chapter.2}% 14
\BOOKMARK [1][-]{section.2.5}{\376\377\000P\000r\000o\000b\000l\000e\000m\000\040\000S\000t\000a\000t\000e\000m\000e\000n\000t}{chapter.2}% 15
\BOOKMARK [1][-]{section.2.6}{\376\377\000P\000r\000o\000p\000o\000s\000e\000d\000\040\000S\000o\000l\000u\000t\000i\000o\000n}{chapter.2}% 16
\BOOKMARK [2][-]{subsection.2.6.1}{\376\377\000E\000v\000e\000n\000t\000\040\000a\000n\000d\000\040\000S\000t\000a\000t\000e\000\040\000I\000n\000t\000e\000l\000l\000i\000g\000e\000n\000c\000e\000\040\000L\000a\000y\000e\000r}{section.2.6}% 17
\BOOKMARK [2][-]{subsection.2.6.2}{\376\377\000R\000i\000s\000k\000\040\000a\000n\000d\000\040\000P\000o\000l\000i\000c\000y\000\040\000I\000n\000t\000e\000l\000l\000i\000g\000e\000n\000c\000e\000\040\000L\000a\000y\000e\000r}{section.2.6}% 18
\BOOKMARK [2][-]{subsection.2.6.3}{\376\377\000R\000e\000a\000l\000-\000T\000i\000m\000e\000\040\000A\000c\000t\000i\000o\000n\000i\000n\000g\000\040\000a\000n\000d\000\040\000M\000o\000n\000i\000t\000o\000r\000i\000n\000g\000\040\000L\000a\000y\000e\000r}{section.2.6}% 19
\BOOKMARK [0][-]{chapter.3}{\376\377\000R\000E\000Q\000U\000I\000R\000E\000M\000E\000N\000T\000\040\000E\000N\000G\000I\000N\000E\000E\000R\000I\000N\000G}{}% 20
\BOOKMARK [1][-]{section.3.1}{\376\377\000S\000o\000f\000t\000w\000a\000r\000e\000\040\000a\000n\000d\000\040\000H\000a\000r\000d\000w\000a\000r\000e\000\040\000T\000o\000o\000l\000s\000\040\000U\000s\000e\000d}{chapter.3}% 21
\BOOKMARK [2][-]{subsection.3.1.1}{\376\377\000H\000a\000r\000d\000w\000a\000r\000e\000\040\000T\000o\000o\000l\000s\000\040\000U\000s\000e\000d}{section.3.1}% 22
\BOOKMARK [2][-]{subsection.3.1.2}{\376\377\000S\000o\000f\000t\000w\000a\000r\000e\000\040\000T\000o\000o\000l\000s}{section.3.1}% 23
\BOOKMARK [1][-]{section.3.2}{\376\377\000S\000o\000f\000t\000w\000a\000r\000e\000\040\000R\000e\000q\000u\000i\000r\000e\000m\000e\000n\000t\000\040\000S\000p\000e\000c\000i\000f\000i\000c\000a\000t\000i\000o\000n}{chapter.3}% 24
\BOOKMARK [2][-]{subsection.3.2.1}{\376\377\000F\000u\000n\000c\000t\000i\000o\000n\000a\000l\000\040\000R\000e\000q\000u\000i\000r\000e\000m\000e\000n\000t\000s}{section.3.2}% 25
\BOOKMARK [2][-]{subsection.3.2.2}{\376\377\000N\000o\000n\000-\000F\000u\000n\000c\000t\000i\000o\000n\000a\000l\000\040\000R\000e\000q\000u\000i\000r\000e\000m\000e\000n\000t\000s}{section.3.2}% 26
\BOOKMARK [0][-]{chapter.4}{\376\377\000P\000R\000O\000J\000E\000C\000T\000\040\000P\000L\000A\000N\000N\000I\000N\000G}{}% 27
\BOOKMARK [1][-]{section.4.1}{\376\377\000P\000r\000o\000j\000e\000c\000t\000\040\000P\000l\000a\000n\000n\000i\000n\000g}{chapter.4}% 28
\BOOKMARK [2][-]{subsection.4.1.1}{\376\377\000S\000c\000h\000e\000d\000u\000l\000i\000n\000g}{section.4.1}% 29
