\BOOKMARK [0][-]{section*.2}{\376\377\000C\000e\000r\000t\000i\000f\000i\000c\000a\000t\000e}{}% 1
\BOOKMARK [0][-]{section*.4}{\376\377\000D\000e\000c\000l\000a\000r\000a\000t\000i\000o\000n}{}% 2
\BOOKMARK [0][-]{section*.6}{\376\377\000A\000c\000k\000n\000o\000w\000l\000e\000d\000g\000e\000m\000e\000n\000t\000s}{}% 3
\BOOKMARK [0][-]{section*.8}{\376\377\000A\000b\000s\000t\000r\000a\000c\000t}{}% 4
\BOOKMARK [0][-]{chapter.1}{\376\377\000I\000n\000t\000r\000o\000d\000u\000c\000t\000i\000o\000n}{}% 5
\BOOKMARK [1][-]{section.1.1}{\376\377\000O\000v\000e\000r\000v\000i\000e\000w}{chapter.1}% 6
\BOOKMARK [1][-]{section.1.2}{\376\377\000O\000b\000j\000e\000c\000t\000i\000v\000e\000s}{chapter.1}% 7
\BOOKMARK [1][-]{section.1.3}{\376\377\000P\000u\000r\000p\000o\000s\000e\000,\000\040\000S\000c\000o\000p\000e\000,\000\040\000a\000n\000d\000\040\000A\000p\000p\000l\000i\000c\000a\000b\000i\000l\000i\000t\000y}{chapter.1}% 8
\BOOKMARK [2][-]{subsection.1.3.1}{\376\377\000P\000u\000r\000p\000o\000s\000e}{section.1.3}% 9
\BOOKMARK [2][-]{subsection.1.3.2}{\376\377\000S\000c\000o\000p\000e}{section.1.3}% 10
\BOOKMARK [2][-]{subsection.1.3.3}{\376\377\000A\000p\000p\000l\000i\000c\000a\000b\000i\000l\000i\000t\000y}{section.1.3}% 11
\BOOKMARK [1][-]{section.1.4}{\376\377\000O\000r\000g\000a\000n\000i\000z\000a\000t\000i\000o\000n\000\040\000o\000f\000\040\000t\000h\000e\000\040\000R\000e\000p\000o\000r\000t}{chapter.1}% 12
\BOOKMARK [0][-]{chapter.2}{\376\377\000L\000i\000t\000e\000r\000a\000t\000u\000r\000e\000\040\000S\000u\000r\000v\000e\000y}{}% 13
\BOOKMARK [1][-]{section.2.1}{\376\377\000I\000n\000t\000r\000o\000d\000u\000c\000t\000i\000o\000n}{chapter.2}% 14
\BOOKMARK [1][-]{section.2.2}{\376\377\000O\000b\000j\000e\000c\000t\000i\000v\000e\000\040\000o\000f\000\040\000L\000i\000t\000e\000r\000a\000t\000u\000r\000e\000\040\000S\000u\000r\000v\000e\000y}{chapter.2}% 15
\BOOKMARK [1][-]{section.2.3}{\376\377\000S\000u\000m\000m\000a\000r\000y\000\040\000o\000f\000\040\000L\000i\000t\000e\000r\000a\000t\000u\000r\000e\000\040\000S\000u\000r\000v\000e\000y}{chapter.2}% 16
\BOOKMARK [1][-]{section.2.4}{\376\377\000D\000r\000a\000w\000b\000a\000c\000k\000s\000\040\000o\000f\000\040\000E\000x\000i\000s\000t\000i\000n\000g\000\040\000S\000y\000s\000t\000e\000m\000s}{chapter.2}% 17
\BOOKMARK [1][-]{section.2.5}{\376\377\000P\000r\000o\000b\000l\000e\000m\000\040\000S\000t\000a\000t\000e\000m\000e\000n\000t}{chapter.2}% 18
\BOOKMARK [1][-]{section.2.6}{\376\377\000P\000r\000o\000p\000o\000s\000e\000d\000\040\000S\000o\000l\000u\000t\000i\000o\000n}{chapter.2}% 19
\BOOKMARK [2][-]{subsection.2.6.1}{\376\377\000Y\000O\000L\000O\000v\0008\000-\000B\000a\000s\000e\000d\000\040\000O\000b\000j\000e\000c\000t\000\040\000D\000e\000t\000e\000c\000t\000i\000o\000n}{section.2.6}% 20
\BOOKMARK [2][-]{subsection.2.6.2}{\376\377\000E\000S\000P\0003\0002\000\040\000W\000e\000b\000\040\000S\000e\000r\000v\000e\000r\000\040\000a\000n\000d\000\040\000A\000l\000e\000r\000t\000\040\000C\000o\000n\000t\000r\000o\000l}{section.2.6}% 21
\BOOKMARK [2][-]{subsection.2.6.3}{\376\377\000C\000o\000m\000m\000u\000n\000i\000c\000a\000t\000i\000o\000n\000\040\000W\000o\000r\000k\000f\000l\000o\000w}{section.2.6}% 22
\BOOKMARK [0][-]{chapter.3}{\376\377\000R\000e\000q\000u\000i\000r\000e\000m\000e\000n\000t\000\040\000E\000n\000g\000i\000n\000e\000e\000r\000i\000n\000g}{}% 23
\BOOKMARK [1][-]{section.3.1}{\376\377\000S\000o\000f\000t\000w\000a\000r\000e\000\040\000a\000n\000d\000\040\000H\000a\000r\000d\000w\000a\000r\000e\000\040\000T\000o\000o\000l\000s\000\040\000U\000s\000e\000d}{chapter.3}% 24
\BOOKMARK [2][-]{subsection.3.1.1}{\376\377\000H\000a\000r\000d\000w\000a\000r\000e\000\040\000T\000o\000o\000l\000s\000\040\000U\000s\000e\000d}{section.3.1}% 25
\BOOKMARK [2][-]{subsection.3.1.2}{\376\377\000S\000o\000f\000t\000w\000a\000r\000e\000\040\000T\000o\000o\000l\000s}{section.3.1}% 26
\BOOKMARK [1][-]{section.3.2}{\376\377\000S\000o\000f\000t\000w\000a\000r\000e\000\040\000R\000e\000q\000u\000i\000r\000e\000m\000e\000n\000t\000\040\000S\000p\000e\000c\000i\000f\000i\000c\000a\000t\000i\000o\000n}{chapter.3}% 27
\BOOKMARK [2][-]{subsection.3.2.1}{\376\377\000F\000u\000n\000c\000t\000i\000o\000n\000a\000l\000\040\000R\000e\000q\000u\000i\000r\000e\000m\000e\000n\000t\000s}{section.3.2}% 28
\BOOKMARK [2][-]{subsection.3.2.2}{\376\377\000N\000o\000n\000-\000F\000u\000n\000c\000t\000i\000o\000n\000a\000l\000\040\000R\000e\000q\000u\000i\000r\000e\000m\000e\000n\000t\000s}{section.3.2}% 29
\BOOKMARK [0][-]{chapter.4}{\376\377\000P\000R\000O\000J\000E\000C\000T\000\040\000P\000L\000A\000N\000N\000I\000N\000G}{}% 30
\BOOKMARK [1][-]{section.4.1}{\376\377\000P\000r\000o\000j\000e\000c\000t\000\040\000P\000l\000a\000n\000n\000i\000n\000g}{chapter.4}% 31
\BOOKMARK [2][-]{subsection.4.1.1}{\376\377\000S\000c\000h\000e\000d\000u\000l\000i\000n\000g}{section.4.1}% 32
\BOOKMARK [0][-]{chapter.5}{\376\377\000S\000Y\000S\000T\000E\000M\000\040\000D\000E\000S\000I\000G\000N}{}% 33
\BOOKMARK [1][-]{section.5.1}{\376\377\000S\000y\000s\000t\000e\000m\000\040\000A\000r\000c\000h\000i\000t\000e\000c\000t\000u\000r\000e}{chapter.5}% 34
\BOOKMARK [1][-]{section.5.2}{\376\377\000C\000o\000m\000p\000o\000n\000e\000n\000t\000\040\000D\000e\000s\000i\000g\000n\000\040\000/\000\040\000M\000o\000d\000u\000l\000e\000\040\000D\000e\000c\000o\000m\000p\000o\000s\000i\000t\000i\000o\000n}{chapter.5}% 35
\BOOKMARK [1][-]{section.5.3}{\376\377\000A\000r\000d\000u\000i\000n\000o\000\040\000s\000n\000i\000p\000p\000e\000t}{chapter.5}% 36
\BOOKMARK [1][-]{section.5.4}{\376\377\000D\000e\000t\000e\000c\000t\000i\000o\000n\000\040\000l\000o\000g\000i\000c\000\040\000s\000n\000i\000p\000p\000e\000t}{chapter.5}% 37
\BOOKMARK [0][-]{chapter.6}{\376\377\000I\000m\000p\000l\000e\000m\000e\000n\000t\000a\000t\000i\000o\000n}{}% 38
\BOOKMARK [1][-]{section.6.1}{\376\377\000O\000v\000e\000r\000v\000i\000e\000w\000\040\000o\000f\000\040\000t\000h\000e\000\040\000S\000y\000s\000t\000e\000m}{chapter.6}% 39
\BOOKMARK [1][-]{section.6.2}{\376\377\000H\000a\000r\000d\000w\000a\000r\000e\000\040\000a\000n\000d\000\040\000S\000e\000n\000s\000o\000r\000\040\000I\000n\000t\000e\000g\000r\000a\000t\000i\000o\000n}{chapter.6}% 40
\BOOKMARK [1][-]{section.6.3}{\376\377\000D\000e\000t\000e\000c\000t\000i\000o\000n}{chapter.6}% 41
\BOOKMARK [1][-]{section.6.4}{\376\377\000A\000l\000e\000r\000t\000\040\000M\000e\000c\000h\000a\000n\000i\000s\000m}{chapter.6}% 42
\BOOKMARK [1][-]{section.6.5}{\376\377\000U\000s\000e\000r\000\040\000I\000n\000t\000e\000r\000f\000a\000c\000e}{chapter.6}% 43
\BOOKMARK [0][-]{chapter.7}{\376\377\000R\000e\000s\000u\000l\000t\000s\000\040\000a\000n\000d\000\040\000D\000i\000s\000c\000u\000s\000s\000i\000o\000n}{}% 44
\BOOKMARK [1][-]{section.7.1}{\376\377\000O\000v\000e\000r\000v\000i\000e\000w}{chapter.7}% 45
\BOOKMARK [1][-]{section.7.2}{\376\377\000Y\000O\000L\000O\000v\0008\000\040\000M\000o\000d\000e\000l\000\040\000P\000e\000r\000f\000o\000r\000m\000a\000n\000c\000e\000\040\000o\000n\000\040\000C\000O\000C\000O\000\040\000D\000a\000t\000a\000s\000e\000t}{chapter.7}% 46
\BOOKMARK [1][-]{section.7.3}{\376\377\000S\000y\000s\000t\000e\000m\000-\000L\000e\000v\000e\000l\000\040\000P\000e\000r\000f\000o\000r\000m\000a\000n\000c\000e\000\040\000E\000v\000a\000l\000u\000a\000t\000i\000o\000n}{chapter.7}% 47
\BOOKMARK [1][-]{section.7.4}{\376\377\000C\000h\000a\000l\000l\000e\000n\000g\000e\000s\000\040\000a\000n\000d\000\040\000L\000i\000m\000i\000t\000a\000t\000i\000o\000n\000s}{chapter.7}% 48
\BOOKMARK [1][-]{section.7.5}{\376\377\000S\000u\000m\000m\000a\000r\000y}{chapter.7}% 49
\BOOKMARK [1][-]{section*.17}{\376\377\000C\000O\040\023\000P\000O\000\040\000M\000A\000P\000P\000I\000N\000G}{chapter.7}% 50
\BOOKMARK [1][-]{section*.20}{\376\377\000R\000E\000F\000E\000R\000E\000N\000C\000E\000S}{chapter.7}% 51
\BOOKMARK [1][-]{section*.21}{\376\377\000A\000N\000N\000E\000X\000U\000R\000E\000\040}{chapter.7}% 52
